# Logfile created on 2015-04-02 16:29:54 -0400 by logger.rb/44203
I, [2015-04-02T16:29:54.976913 #79028]  INFO -- : 0:  rake (10.4.2) from /Users/adityanarayan/.rvm/gems/ruby-2.1.0/specifications/rake-10.4.2.gemspec
I, [2015-04-02T16:29:54.977275 #79028]  INFO -- : 0:  i18n (0.7.0) from /Users/adityanarayan/.rvm/gems/ruby-2.1.0/specifications/i18n-0.7.0.gemspec
I, [2015-04-02T16:29:54.977556 #79028]  INFO -- : 0:  json (1.8.2) from /Users/adityanarayan/.rvm/gems/ruby-2.1.0/specifications/json-1.8.2.gemspec
I, [2015-04-02T16:29:54.977855 #79028]  INFO -- : 0:  minitest (5.5.1) from /Users/adityanarayan/.rvm/gems/ruby-2.1.0/specifications/minitest-5.5.1.gemspec
I, [2015-04-02T16:29:54.978129 #79028]  INFO -- : 0:  thread_safe (0.3.5) from /Users/adityanarayan/.rvm/gems/ruby-2.1.0/specifications/thread_safe-0.3.5.gemspec
I, [2015-04-02T16:29:54.978392 #79028]  INFO -- : 0:  tzinfo (1.2.2) from /Users/adityanarayan/.rvm/gems/ruby-2.1.0/specifications/tzinfo-1.2.2.gemspec
I, [2015-04-02T16:29:54.978665 #79028]  INFO -- : 0:  activesupport (4.1.8) from /Users/adityanarayan/.rvm/gems/ruby-2.1.0/specifications/activesupport-4.1.8.gemspec
I, [2015-04-02T16:29:54.978910 #79028]  INFO -- : 0:  builder (3.2.2) from /Users/adityanarayan/.rvm/gems/ruby-2.1.0/specifications/builder-3.2.2.gemspec
I, [2015-04-02T16:29:54.979158 #79028]  INFO -- : 0:  erubis (2.7.0) from /Users/adityanarayan/.rvm/gems/ruby-2.1.0/specifications/erubis-2.7.0.gemspec
I, [2015-04-02T16:29:54.979414 #79028]  INFO -- : 0:  actionview (4.1.8) from /Users/adityanarayan/.rvm/gems/ruby-2.1.0/specifications/actionview-4.1.8.gemspec
I, [2015-04-02T16:29:54.979670 #79028]  INFO -- : 0:  rack (1.5.2) from /Users/adityanarayan/.rvm/gems/ruby-2.1.0/specifications/rack-1.5.2.gemspec
I, [2015-04-02T16:29:54.979924 #79028]  INFO -- : 0:  rack-test (0.6.3) from /Users/adityanarayan/.rvm/gems/ruby-2.1.0/specifications/rack-test-0.6.3.gemspec
I, [2015-04-02T16:29:54.980199 #79028]  INFO -- : 0:  actionpack (4.1.8) from /Users/adityanarayan/.rvm/gems/ruby-2.1.0/specifications/actionpack-4.1.8.gemspec
I, [2015-04-02T16:29:54.980461 #79028]  INFO -- : 0:  mime-types (2.4.3) from /Users/adityanarayan/.rvm/gems/ruby-2.1.0/specifications/mime-types-2.4.3.gemspec
I, [2015-04-02T16:29:54.980699 #79028]  INFO -- : 0:  mail (2.6.3) from /Users/adityanarayan/.rvm/gems/ruby-2.1.0/specifications/mail-2.6.3.gemspec
I, [2015-04-02T16:29:54.980959 #79028]  INFO -- : 0:  actionmailer (4.1.8) from /Users/adityanarayan/.rvm/gems/ruby-2.1.0/specifications/actionmailer-4.1.8.gemspec
I, [2015-04-02T16:29:54.981227 #79028]  INFO -- : 0:  activemodel (4.1.8) from /Users/adityanarayan/.rvm/gems/ruby-2.1.0/specifications/activemodel-4.1.8.gemspec
I, [2015-04-02T16:29:54.981500 #79028]  INFO -- : 0:  arel (5.0.1.20140414130214) from /Users/adityanarayan/.rvm/gems/ruby-2.1.0/specifications/arel-5.0.1.20140414130214.gemspec
I, [2015-04-02T16:29:54.981758 #79028]  INFO -- : 0:  activerecord (4.1.8) from /Users/adityanarayan/.rvm/gems/ruby-2.1.0/specifications/activerecord-4.1.8.gemspec
I, [2015-04-02T16:29:54.981975 #79028]  INFO -- : 0:  bundler (1.5.1) from /Users/adityanarayan/.rvm/gems/ruby-2.1.0@global/specifications/bundler-1.5.1.gemspec
I, [2015-04-02T16:29:54.982238 #79028]  INFO -- : 0:  coffee-script-source (1.9.1) from /Users/adityanarayan/.rvm/gems/ruby-2.1.0/specifications/coffee-script-source-1.9.1.gemspec
I, [2015-04-02T16:29:54.982496 #79028]  INFO -- : 0:  execjs (2.4.0) from /Users/adityanarayan/.rvm/gems/ruby-2.1.0/specifications/execjs-2.4.0.gemspec
I, [2015-04-02T16:29:54.982732 #79028]  INFO -- : 0:  coffee-script (2.3.0) from /Users/adityanarayan/.rvm/gems/ruby-2.1.0/specifications/coffee-script-2.3.0.gemspec
I, [2015-04-02T16:29:54.983009 #79028]  INFO -- : 0:  thor (0.19.1) from /Users/adityanarayan/.rvm/gems/ruby-2.1.0/specifications/thor-0.19.1.gemspec
I, [2015-04-02T16:29:54.983284 #79028]  INFO -- : 0:  railties (4.1.8) from /Users/adityanarayan/.rvm/gems/ruby-2.1.0/specifications/railties-4.1.8.gemspec
I, [2015-04-02T16:29:54.983559 #79028]  INFO -- : 0:  coffee-rails (4.0.1) from /Users/adityanarayan/.rvm/gems/ruby-2.1.0/specifications/coffee-rails-4.0.1.gemspec
I, [2015-04-02T16:29:54.983818 #79028]  INFO -- : 0:  hike (1.2.3) from /Users/adityanarayan/.rvm/gems/ruby-2.1.0/specifications/hike-1.2.3.gemspec
I, [2015-04-02T16:29:54.984066 #79028]  INFO -- : 0:  multi_json (1.11.0) from /Users/adityanarayan/.rvm/gems/ruby-2.1.0/specifications/multi_json-1.11.0.gemspec
I, [2015-04-02T16:29:54.984329 #79028]  INFO -- : 0:  jbuilder (2.2.12) from /Users/adityanarayan/.rvm/gems/ruby-2.1.0/specifications/jbuilder-2.2.12.gemspec
I, [2015-04-02T16:29:54.984587 #79028]  INFO -- : 0:  jquery-rails (3.1.2) from /Users/adityanarayan/.rvm/gems/ruby-2.1.0/specifications/jquery-rails-3.1.2.gemspec
I, [2015-04-02T16:29:54.984870 #79028]  INFO -- : 0:  tilt (1.4.1) from /Users/adityanarayan/.rvm/gems/ruby-2.1.0/specifications/tilt-1.4.1.gemspec
I, [2015-04-02T16:29:54.985128 #79028]  INFO -- : 0:  sprockets (2.12.3) from /Users/adityanarayan/.rvm/gems/ruby-2.1.0/specifications/sprockets-2.12.3.gemspec
I, [2015-04-02T16:29:54.985382 #79028]  INFO -- : 0:  sprockets-rails (2.2.4) from /Users/adityanarayan/.rvm/gems/ruby-2.1.0/specifications/sprockets-rails-2.2.4.gemspec
I, [2015-04-02T16:29:54.985644 #79028]  INFO -- : 0:  rails (4.1.8) from /Users/adityanarayan/.rvm/gems/ruby-2.1.0/specifications/rails-4.1.8.gemspec
I, [2015-04-02T16:29:54.985899 #79028]  INFO -- : 0:  rdoc (4.2.0) from /Users/adityanarayan/.rvm/gems/ruby-2.1.0/specifications/rdoc-4.2.0.gemspec
I, [2015-04-02T16:29:54.986154 #79028]  INFO -- : 0:  sass (3.2.19) from /Users/adityanarayan/.rvm/gems/ruby-2.1.0/specifications/sass-3.2.19.gemspec
I, [2015-04-02T16:29:54.986401 #79028]  INFO -- : 0:  sass-rails (4.0.5) from /Users/adityanarayan/.rvm/gems/ruby-2.1.0/specifications/sass-rails-4.0.5.gemspec
I, [2015-04-02T16:29:54.986645 #79028]  INFO -- : 0:  sdoc (0.4.1) from /Users/adityanarayan/.rvm/gems/ruby-2.1.0/specifications/sdoc-0.4.1.gemspec
I, [2015-04-02T16:29:54.986909 #79028]  INFO -- : 0:  spring (1.3.3) from /Users/adityanarayan/.rvm/gems/ruby-2.1.0/specifications/spring-1.3.3.gemspec
I, [2015-04-02T16:29:54.987170 #79028]  INFO -- : 0:  sqlite3 (1.3.10) from /Users/adityanarayan/.rvm/gems/ruby-2.1.0/specifications/sqlite3-1.3.10.gemspec
I, [2015-04-02T16:29:54.987421 #79028]  INFO -- : 0:  turbolinks (2.5.3) from /Users/adityanarayan/.rvm/gems/ruby-2.1.0/specifications/turbolinks-2.5.3.gemspec
I, [2015-04-02T16:29:54.987688 #79028]  INFO -- : 0:  uglifier (2.7.1) from /Users/adityanarayan/.rvm/gems/ruby-2.1.0/specifications/uglifier-2.7.1.gemspec
I, [2015-04-02T16:31:41.997752 #79527]  INFO -- : 0:  rake (10.4.2) from /Users/adityanarayan/.rvm/gems/ruby-2.1.0/specifications/rake-10.4.2.gemspec
I, [2015-04-02T16:31:42.011864 #79527]  INFO -- : 0:  i18n (0.7.0) from /Users/adityanarayan/.rvm/gems/ruby-2.1.0/specifications/i18n-0.7.0.gemspec
I, [2015-04-02T16:31:42.012189 #79527]  INFO -- : 0:  json (1.8.2) from /Users/adityanarayan/.rvm/gems/ruby-2.1.0/specifications/json-1.8.2.gemspec
I, [2015-04-02T16:31:42.012507 #79527]  INFO -- : 0:  minitest (5.5.1) from /Users/adityanarayan/.rvm/gems/ruby-2.1.0/specifications/minitest-5.5.1.gemspec
I, [2015-04-02T16:31:42.012789 #79527]  INFO -- : 0:  thread_safe (0.3.5) from /Users/adityanarayan/.rvm/gems/ruby-2.1.0/specifications/thread_safe-0.3.5.gemspec
I, [2015-04-02T16:31:42.013089 #79527]  INFO -- : 0:  tzinfo (1.2.2) from /Users/adityanarayan/.rvm/gems/ruby-2.1.0/specifications/tzinfo-1.2.2.gemspec
I, [2015-04-02T16:31:42.013385 #79527]  INFO -- : 0:  activesupport (4.1.8) from /Users/adityanarayan/.rvm/gems/ruby-2.1.0/specifications/activesupport-4.1.8.gemspec
I, [2015-04-02T16:31:42.013658 #79527]  INFO -- : 0:  builder (3.2.2) from /Users/adityanarayan/.rvm/gems/ruby-2.1.0/specifications/builder-3.2.2.gemspec
I, [2015-04-02T16:31:42.013915 #79527]  INFO -- : 0:  erubis (2.7.0) from /Users/adityanarayan/.rvm/gems/ruby-2.1.0/specifications/erubis-2.7.0.gemspec
I, [2015-04-02T16:31:42.014207 #79527]  INFO -- : 0:  actionview (4.1.8) from /Users/adityanarayan/.rvm/gems/ruby-2.1.0/specifications/actionview-4.1.8.gemspec
I, [2015-04-02T16:31:42.014540 #79527]  INFO -- : 0:  rack (1.5.2) from /Users/adityanarayan/.rvm/gems/ruby-2.1.0/specifications/rack-1.5.2.gemspec
I, [2015-04-02T16:31:42.014818 #79527]  INFO -- : 0:  rack-test (0.6.3) from /Users/adityanarayan/.rvm/gems/ruby-2.1.0/specifications/rack-test-0.6.3.gemspec
I, [2015-04-02T16:31:42.015108 #79527]  INFO -- : 0:  actionpack (4.1.8) from /Users/adityanarayan/.rvm/gems/ruby-2.1.0/specifications/actionpack-4.1.8.gemspec
I, [2015-04-02T16:31:42.015377 #79527]  INFO -- : 0:  mime-types (2.4.3) from /Users/adityanarayan/.rvm/gems/ruby-2.1.0/specifications/mime-types-2.4.3.gemspec
I, [2015-04-02T16:31:42.015657 #79527]  INFO -- : 0:  mail (2.6.3) from /Users/adityanarayan/.rvm/gems/ruby-2.1.0/specifications/mail-2.6.3.gemspec
I, [2015-04-02T16:31:42.015935 #79527]  INFO -- : 0:  actionmailer (4.1.8) from /Users/adityanarayan/.rvm/gems/ruby-2.1.0/specifications/actionmailer-4.1.8.gemspec
I, [2015-04-02T16:31:42.016215 #79527]  INFO -- : 0:  activemodel (4.1.8) from /Users/adityanarayan/.rvm/gems/ruby-2.1.0/specifications/activemodel-4.1.8.gemspec
I, [2015-04-02T16:31:42.016500 #79527]  INFO -- : 0:  arel (5.0.1.20140414130214) from /Users/adityanarayan/.rvm/gems/ruby-2.1.0/specifications/arel-5.0.1.20140414130214.gemspec
I, [2015-04-02T16:31:42.016773 #79527]  INFO -- : 0:  activerecord (4.1.8) from /Users/adityanarayan/.rvm/gems/ruby-2.1.0/specifications/activerecord-4.1.8.gemspec
I, [2015-04-02T16:31:42.017037 #79527]  INFO -- : 0:  bcrypt (3.1.10) from /Users/adityanarayan/.rvm/gems/ruby-2.1.0/specifications/bcrypt-3.1.10.gemspec
I, [2015-04-02T16:31:42.017304 #79527]  INFO -- : 0:  bundler (1.5.1) from /Users/adityanarayan/.rvm/gems/ruby-2.1.0@global/specifications/bundler-1.5.1.gemspec
I, [2015-04-02T16:31:42.017603 #79527]  INFO -- : 0:  coffee-script-source (1.9.1) from /Users/adityanarayan/.rvm/gems/ruby-2.1.0/specifications/coffee-script-source-1.9.1.gemspec
I, [2015-04-02T16:31:42.017875 #79527]  INFO -- : 0:  execjs (2.4.0) from /Users/adityanarayan/.rvm/gems/ruby-2.1.0/specifications/execjs-2.4.0.gemspec
I, [2015-04-02T16:31:42.018163 #79527]  INFO -- : 0:  coffee-script (2.3.0) from /Users/adityanarayan/.rvm/gems/ruby-2.1.0/specifications/coffee-script-2.3.0.gemspec
I, [2015-04-02T16:31:42.018442 #79527]  INFO -- : 0:  thor (0.19.1) from /Users/adityanarayan/.rvm/gems/ruby-2.1.0/specifications/thor-0.19.1.gemspec
I, [2015-04-02T16:31:42.018735 #79527]  INFO -- : 0:  railties (4.1.8) from /Users/adityanarayan/.rvm/gems/ruby-2.1.0/specifications/railties-4.1.8.gemspec
I, [2015-04-02T16:31:42.018997 #79527]  INFO -- : 0:  coffee-rails (4.0.1) from /Users/adityanarayan/.rvm/gems/ruby-2.1.0/specifications/coffee-rails-4.0.1.gemspec
I, [2015-04-02T16:31:42.019283 #79527]  INFO -- : 0:  orm_adapter (0.5.0) from /Users/adityanarayan/.rvm/gems/ruby-2.1.0/specifications/orm_adapter-0.5.0.gemspec
I, [2015-04-02T16:31:42.019568 #79527]  INFO -- : 0:  responders (1.1.2) from /Users/adityanarayan/.rvm/gems/ruby-2.1.0/specifications/responders-1.1.2.gemspec
I, [2015-04-02T16:31:42.019829 #79527]  INFO -- : 0:  warden (1.2.3) from /Users/adityanarayan/.rvm/gems/ruby-2.1.0/specifications/warden-1.2.3.gemspec
I, [2015-04-02T16:31:42.020110 #79527]  INFO -- : 0:  devise (3.4.1) from /Users/adityanarayan/.rvm/gems/ruby-2.1.0/specifications/devise-3.4.1.gemspec
I, [2015-04-02T16:31:42.020379 #79527]  INFO -- : 0:  multipart-post (2.0.0) from /Users/adityanarayan/.rvm/gems/ruby-2.1.0/specifications/multipart-post-2.0.0.gemspec
I, [2015-04-02T16:31:42.020658 #79527]  INFO -- : 0:  faraday (0.9.1) from /Users/adityanarayan/.rvm/gems/ruby-2.1.0/specifications/faraday-0.9.1.gemspec
I, [2015-04-02T16:31:42.020949 #79527]  INFO -- : 0:  hashie (3.4.0) from /Users/adityanarayan/.rvm/gems/ruby-2.1.0/specifications/hashie-3.4.0.gemspec
I, [2015-04-02T16:31:42.021227 #79527]  INFO -- : 0:  hike (1.2.3) from /Users/adityanarayan/.rvm/gems/ruby-2.1.0/specifications/hike-1.2.3.gemspec
I, [2015-04-02T16:31:42.021539 #79527]  INFO -- : 0:  multi_json (1.11.0) from /Users/adityanarayan/.rvm/gems/ruby-2.1.0/specifications/multi_json-1.11.0.gemspec
I, [2015-04-02T16:31:42.021870 #79527]  INFO -- : 0:  jbuilder (2.2.12) from /Users/adityanarayan/.rvm/gems/ruby-2.1.0/specifications/jbuilder-2.2.12.gemspec
I, [2015-04-02T16:31:42.022151 #79527]  INFO -- : 0:  jquery-rails (3.1.2) from /Users/adityanarayan/.rvm/gems/ruby-2.1.0/specifications/jquery-rails-3.1.2.gemspec
I, [2015-04-02T16:31:42.022447 #79527]  INFO -- : 0:  jwt (1.4.1) from /Users/adityanarayan/.rvm/gems/ruby-2.1.0/specifications/jwt-1.4.1.gemspec
I, [2015-04-02T16:31:42.022726 #79527]  INFO -- : 0:  multi_xml (0.5.5) from /Users/adityanarayan/.rvm/gems/ruby-2.1.0/specifications/multi_xml-0.5.5.gemspec
I, [2015-04-02T16:31:42.023101 #79527]  INFO -- : 0:  oauth2 (1.0.0) from /Users/adityanarayan/.rvm/gems/ruby-2.1.0/specifications/oauth2-1.0.0.gemspec
I, [2015-04-02T16:31:42.023427 #79527]  INFO -- : 0:  omniauth (1.2.2) from /Users/adityanarayan/.rvm/gems/ruby-2.1.0/specifications/omniauth-1.2.2.gemspec
I, [2015-04-02T16:31:42.023717 #79527]  INFO -- : 0:  omniauth-oauth2 (1.2.0) from /Users/adityanarayan/.rvm/gems/ruby-2.1.0/specifications/omniauth-oauth2-1.2.0.gemspec
I, [2015-04-02T16:31:42.024004 #79527]  INFO -- : 0:  omniauth-facebook (2.0.1) from /Users/adityanarayan/.rvm/gems/ruby-2.1.0/specifications/omniauth-facebook-2.0.1.gemspec
I, [2015-04-02T16:31:42.024307 #79527]  INFO -- : 0:  tilt (1.4.1) from /Users/adityanarayan/.rvm/gems/ruby-2.1.0/specifications/tilt-1.4.1.gemspec
I, [2015-04-02T16:31:42.024597 #79527]  INFO -- : 0:  sprockets (2.12.3) from /Users/adityanarayan/.rvm/gems/ruby-2.1.0/specifications/sprockets-2.12.3.gemspec
I, [2015-04-02T16:31:42.024880 #79527]  INFO -- : 0:  sprockets-rails (2.2.4) from /Users/adityanarayan/.rvm/gems/ruby-2.1.0/specifications/sprockets-rails-2.2.4.gemspec
I, [2015-04-02T16:31:42.025161 #79527]  INFO -- : 0:  rails (4.1.8) from /Users/adityanarayan/.rvm/gems/ruby-2.1.0/specifications/rails-4.1.8.gemspec
I, [2015-04-02T16:31:42.025454 #79527]  INFO -- : 0:  rdoc (4.2.0) from /Users/adityanarayan/.rvm/gems/ruby-2.1.0/specifications/rdoc-4.2.0.gemspec
I, [2015-04-02T16:31:42.025743 #79527]  INFO -- : 0:  sass (3.2.19) from /Users/adityanarayan/.rvm/gems/ruby-2.1.0/specifications/sass-3.2.19.gemspec
I, [2015-04-02T16:31:42.026038 #79527]  INFO -- : 0:  sass-rails (4.0.5) from /Users/adityanarayan/.rvm/gems/ruby-2.1.0/specifications/sass-rails-4.0.5.gemspec
I, [2015-04-02T16:31:42.026316 #79527]  INFO -- : 0:  sdoc (0.4.1) from /Users/adityanarayan/.rvm/gems/ruby-2.1.0/specifications/sdoc-0.4.1.gemspec
I, [2015-04-02T16:31:42.026587 #79527]  INFO -- : 0:  spring (1.3.3) from /Users/adityanarayan/.rvm/gems/ruby-2.1.0/specifications/spring-1.3.3.gemspec
I, [2015-04-02T16:31:42.026860 #79527]  INFO -- : 0:  sqlite3 (1.3.10) from /Users/adityanarayan/.rvm/gems/ruby-2.1.0/specifications/sqlite3-1.3.10.gemspec
I, [2015-04-02T16:31:42.027145 #79527]  INFO -- : 0:  turbolinks (2.5.3) from /Users/adityanarayan/.rvm/gems/ruby-2.1.0/specifications/turbolinks-2.5.3.gemspec
I, [2015-04-02T16:31:42.027501 #79527]  INFO -- : 0:  uglifier (2.7.1) from /Users/adityanarayan/.rvm/gems/ruby-2.1.0/specifications/uglifier-2.7.1.gemspec
